<?xml version="1.0" encoding="UTF-8"?>
<!-- Generated by org.testng.reporters.JUnitXMLReporter -->
<testsuite hostname="DESKTOP-CLU213B" ignored="0" name="Test" tests="4" failures="0" timestamp="2020-04-24T15:33:53 NZST" time="0.151" errors="0">
  <testcase name="IosApp" time="0.016" classname="lestersquare.AppiumTest"/>
  <testcase name="NativeAppAndroid" time="0.001" classname="lestersquare.AppiumTest"/>
  <testcase name="deleteTwitter" time="0.002" classname="lestersquare.RestApiTest"/>
  <testcase name="postJira" time="0.001" classname="lestersquare.RestApiTest"/>
</testsuite> <!-- Test -->
